########################################
# Arquivo de Log de eventos do serviço #
########################################

17/04/2015 12:48:28 - Serviço iniciado em 17/04/2015 12:48:28
17/04/2015 12:51:47 - Serviço iniciado
17/04/2015 12:52:30 - Serviço iniciado
17/04/2015 12:55:58 - Serviço iniciado
17/04/2015 12:57:01 - Serviço iniciado
17/04/2015 12:57:02 - Serviço parado
17/04/2015 12:57:02 - Serviço iniciado
17/04/2015 12:57:32 - Serviço iniciado
17/04/2015 13:01:21 - Serviço iniciado
17/04/2015 13:04:34 - Serviço iniciado
17/04/2015 13:06:31 - Serviço iniciado
17/04/2015 13:08:07 - Serviço iniciado
17/04/2015 13:09:50 - Serviço iniciado
17/04/2015 13:11:23 - Serviço iniciado
17/04/2015 13:13:24 - Serviço iniciado
17/04/2015 13:52:31 - Serviço iniciado
23/04/2015 18:56:37 - Serviço iniciado
23/04/2015 19:04:54 - Serviço iniciado
29/04/2015 19:21:03 - Serviço iniciado
29/04/2015 19:23:00 - Serviço iniciado
29/04/2015 19:24:26 - Serviço iniciado
29/04/2015 19:40:40 - Serviço iniciado
29/04/2015 19:46:59 - Serviço iniciado
29/04/2015 19:47:02 - Serviço parado
29/04/2015 19:47:13 - Serviço iniciado
29/04/2015 19:49:26 - Serviço iniciado
29/04/2015 19:53:07 - Serviço iniciado
29/04/2015 19:53:12 - Serviço pausado
29/04/2015 19:53:15 - Serviço parado
29/04/2015 19:53:18 - Serviço iniciado
