########################################
# Arquivo de Log de tarefas do serviço #
########################################17/04/2015 13:01:55 - HTTP REQUEST TO https://ndasales.com/inventario: {"login":{"username":"testesangola","password":"UkF!q2$cT)XUW_x"},"artigos":[{"id":1,"data":1425052203,"armazem":10,"disponivel":10,"alocada":10,"transito":10},{"id":2,"data":1425052203,"armazem":20,"disponivel":20,"alocada":20,"transito":20}],"hmac":"testesangolaUkF!q2$cT)XUW_x14250522441425052285"}
17/04/2015 13:02:12 - HTTP RESPONSE OK: {"sucesso":0,"razao":"assinatura do pacote n\u00e3o coincide."}
17/04/2015 13:02:18 - HTTP REQUEST TO https://ndasales.com/vendas: {"login":{"username":"testesangola","password":"UkF!q2$cT)XUW_x"},"vendas":[{"_ref":"TA01","data":1425052203,"moeda":"AOA","status":"A","cliente":{"idcliente":1,"nome":"Primeiro Cliente"},"vendedor":{"idvendedor":1,"nome":"Primeiro Vendedor"},"artigos":[{"id":1,"qty":1,"preco":10.0,"desconto":10,"preco_final":9.0}]}],"hmac":"testesangolaUkF!q2$cT)XUW_xTA011Primeiro Cliente1Primeiro Vendedor1425052203AOAA31"}
17/04/2015 13:08:21 - HTTP REQUEST TO https://ndasales.com/inventario: {"login":{"username":"testesangola","password":"UkF!q2$cT)XUW_x"},"artigos":[{"id":1,"data":1425052203,"armazem":10,"disponivel":10,"alocada":10,"transito":10},{"id":2,"data":1425052203,"armazem":20,"disponivel":20,"alocada":20,"transito":20}],"hmac":"917C2EC2381EC1CB3FEFC4656ECD4473"}
17/04/2015 13:14:30 - HTTP REQUEST TO https://ndasales.com/inventario: {"login":{"username":"testesangola","password":"UkF!q2$cT)XUW_x"},"artigos":[{"id":1,"data":1425052203,"armazem":10,"disponivel":10,"alocada":10,"transito":10},{"id":2,"data":1425052203,"armazem":20,"disponivel":20,"alocada":20,"transito":20}],"hmac":"E3E7258F39C01ED10341E7BFC35C2451"}
17/04/2015 13:14:49 - HTTP RESPONSE OK: {"sucesso":0,"razao":"assinatura do pacote n\u00e3o coincide."}
17/04/2015 13:16:34 - HTTP REQUEST TO https://ndasales.com/inventario: {"login":{"username":"testesangola","password":"UkF!q2$cT)XUW_x"},"artigos":[{"id":1,"data":1425052203,"armazem":10,"disponivel":10,"alocada":10,"transito":10},{"id":2,"data":1425052203,"armazem":20,"disponivel":20,"alocada":20,"transito":20}],"hmac":"E3E7258F39C01ED10341E7BFC35C2451"}
17/04/2015 13:16:38 - HTTP RESPONSE OK: {"sucesso":0,"razao":"assinatura do pacote n\u00e3o coincide."}
17/04/2015 13:40:12 - HTTP REQUEST TO https://ndasales.com/inventario: {"login":{"username":"testesangola","password":"UkF!q2$cT)XUW_x"},"artigos":[{"id":1,"data":1425052203,"armazem":10,"disponivel":10,"alocada":10,"transito":10},{"id":2,"data":1425052203,"armazem":20,"disponivel":20,"alocada":20,"transito":20}],"hmac":"75ff65b710327683a3dee59f4e252d68"}
17/04/2015 13:40:16 - HTTP RESPONSE OK: {"sucesso":1}
17/04/2015 13:48:09 - HTTP REQUEST TO https://ndasales.com/inventario: {"login":{"username":"testesangola","password":"UkF!q2$cT)XUW_x"},"artigos":[{"id":1,"data":1425052203,"armazem":10,"disponivel":10,"alocada":10,"transito":10},{"id":2,"data":1425052203,"armazem":20,"disponivel":20,"alocada":20,"transito":20}],"hmac":"75ff65b710327683a3dee59f4e252d68"}
17/04/2015 13:48:11 - HTTP RESPONSE OK: {"sucesso":1}
17/04/2015 13:48:23 - HTTP REQUEST TO https://ndasales.com/vendas: {"login":{"username":"testesangola","password":"UkF!q2$cT)XUW_x"},"vendas":[{"ref":"TA01","data":1425052203,"moeda":"AOA","status":"A","cliente":{"idcliente":1,"nome":"Primeiro Cliente"},"vendedor":{"idvendedor":1,"nome":"Primeiro Vendedor"},"artigos":[{"id":1,"qty":1,"preco":10.0,"desconto":10,"preco_final":9.0}]}],"hmac":"0564E1E14D43642C07E533525B82BD8A"}
17/04/2015 13:50:45 - HTTP REQUEST TO https://ndasales.com/inventario: {"login":{"username":"testesangola","password":"UkF!q2$cT)XUW_x"},"artigos":[{"id":1,"data":1425052203,"armazem":10,"disponivel":10,"alocada":10,"transito":10},{"id":2,"data":1425052203,"armazem":20,"disponivel":20,"alocada":20,"transito":20}],"hmac":"75ff65b710327683a3dee59f4e252d68"}
17/04/2015 13:50:47 - HTTP RESPONSE OK: {"sucesso":1}
17/04/2015 13:51:00 - HTTP REQUEST TO https://ndasales.com/vendas: {"login":{"username":"testesangola","password":"UkF!q2$cT)XUW_x"},"vendas":[{"ref":"TA01","data":1425052203,"moeda":"AOA","status":"A","cliente":{"idcliente":1,"nome":"Primeiro Cliente"},"vendedor":{"idvendedor":1,"nome":"Primeiro Vendedor"},"artigos":[{"id":1,"qty":1,"preco":10.0,"desconto":10,"preco_final":9.0}]}],"hmac":"e92fd4711135319264b2fd1075375a24"}
17/04/2015 13:52:08 - HTTP REQUEST TO https://ndasales.com/inventario: {"login":{"username":"testesangola","password":"UkF!q2$cT)XUW_x"},"artigos":[{"id":1,"data":1425052203,"armazem":10,"disponivel":10,"alocada":10,"transito":10},{"id":2,"data":1425052203,"armazem":20,"disponivel":20,"alocada":20,"transito":20}],"hmac":"75ff65b710327683a3dee59f4e252d68"}
17/04/2015 13:52:08 - HTTP RESPONSE OK: {"sucesso":1}
17/04/2015 13:52:31 - HTTP REQUEST TO https://ndasales.com/vendas: {"login":{"username":"testesangola","password":"UkF!q2$cT)XUW_x"},"vendas":[{"ref":"TA01","data":1425052203,"moeda":"AOA","status":"A","cliente":{"idcliente":1,"nome":"Primeiro Cliente"},"vendedor":{"idvendedor":1,"nome":"Primeiro Vendedor"},"artigos":[{"id":1,"qty":1,"preco":10.0,"desconto":10,"preco_final":9.0}]}],"hmac":"e92fd4711135319264b2fd1075375a24"}
17/04/2015 13:52:31 - HTTP RESPONSE OK: {"sucesso":1}
23/04/2015 18:54:18 - HTTP REQUEST TO https://ndasales.com/inventario: {"login":{"username":"testesangola","password":"UkF!q2$cT)XUW_x"},"artigos":[{"id":1,"data":1425052203,"armazem":10,"disponivel":10,"alocada":10,"transito":10},{"id":2,"data":1425052203,"armazem":20,"disponivel":20,"alocada":20,"transito":20}],"hmac":"300FA052BBF013ED1F8EF3DCA7633EC9"}
23/04/2015 18:55:55 - HTTP REQUEST TO https://ndasales.com/inventario: {"login":{"username":"testesangola","password":"UkF!q2$cT)XUW_x"},"artigos":[{"id":1,"data":1425052203,"armazem":10,"disponivel":10,"alocada":10,"transito":10},{"id":2,"data":1425052203,"armazem":20,"disponivel":20,"alocada":20,"transito":20}],"hmac":"300FA052BBF013ED1F8EF3DCA7633EC9"}
23/04/2015 18:56:23 - HTTP RESPONSE OK: {"sucesso":0,"razao":"assinatura do pacote n\u00e3o coincide."}
23/04/2015 18:56:37 - HTTP REQUEST TO https://ndasales.com/vendas: {"login":{"username":"testesangola","password":"UkF!q2$cT)XUW_x"},"vendas":[{"ref":"TA01","data":1425052203,"moeda":"AOA","status":"A","cliente":{"idcliente":1,"nome":"Primeiro Cliente"},"vendedor":{"idvendedor":1,"nome":"Primeiro Vendedor"},"artigos":[{"id":1,"qty":1,"preco":10.0,"desconto":10,"preco_final":9.0}]}],"hmac":"F68F501E65017394721A34AD65F629DF"}
23/04/2015 18:56:37 - HTTP RESPONSE OK: {"sucesso":0,"razao":"assinatura do pacote n\u00e3o coincide."}
23/04/2015 19:04:53 - HTTP REQUEST TO https://ndasales.com/inventario: {"login":{"username":"testesangola","password":"UkF!q2$cT)XUW_x"},"artigos":[{"id":1,"data":1425052203,"armazem":10,"disponivel":10,"alocada":10,"transito":10},{"id":2,"data":1425052203,"armazem":20,"disponivel":20,"alocada":20,"transito":20}],"hmac":"8DD6C48597370C950BEDFD2472CB7EA1"}
23/04/2015 19:04:53 - HTTP RESPONSE OK: {"sucesso":0,"razao":"assinatura do pacote n\u00e3o coincide."}
23/04/2015 19:04:54 - HTTP REQUEST TO https://ndasales.com/vendas: {"login":{"username":"testesangola","password":"UkF!q2$cT)XUW_x"},"vendas":[{"ref":"TA01","data":1425052203,"moeda":"AOA","status":"A","cliente":{"idcliente":1,"nome":"Primeiro Cliente"},"vendedor":{"idvendedor":1,"nome":"Primeiro Vendedor"},"artigos":[{"id":1,"qty":1,"preco":10.0,"desconto":10,"preco_final":9.0}]}],"hmac":"FBD7FECD9C73F2EA033159F163B25ED3"}
23/04/2015 19:04:54 - HTTP RESPONSE OK: {"sucesso":0,"razao":"assinatura do pacote n\u00e3o coincide."}
23/04/2015 19:09:03 - HTTP REQUEST TO https://ndasales.com/inventario: {"login":{"username":"testesangola","password":"UkF!q2$cT)XUW_x"},"artigos":[{"id":1,"data":1425052203,"armazem":10,"disponivel":10,"alocada":10,"transito":10},{"id":2,"data":1425052203,"armazem":20,"disponivel":20,"alocada":20,"transito":20}],"hmac":"75FF65B710327683A3DEE59F4E252D68"}
23/04/2015 19:10:59 - HTTP REQUEST TO https://ndasales.com/inventario: {"login":{"username":"testesangola","password":"UkF!q2$cT)XUW_x"},"artigos":[{"id":1,"data":1425052203,"armazem":10,"disponivel":10,"alocada":10,"transito":10},{"id":2,"data":1425052203,"armazem":20,"disponivel":20,"alocada":20,"transito":20}],"hmac":"75ff65b710327683a3dee59f4e252d68"}
23/04/2015 19:11:12 - HTTP RESPONSE OK: {"sucesso":1}
23/04/2015 19:11:21 - HTTP REQUEST TO https://ndasales.com/vendas: {"login":{"username":"testesangola","password":"UkF!q2$cT)XUW_x"},"vendas":[{"ref":"TA01","data":1425052203,"moeda":"AOA","status":"A","cliente":{"idcliente":1,"nome":"Primeiro Cliente"},"vendedor":{"idvendedor":1,"nome":"Primeiro Vendedor"},"artigos":[{"id":1,"qty":1,"preco":10.0,"desconto":10,"preco_final":9.0}]}],"hmac":"ae32f079074e1ff37622f59dbb9ac4db"}
23/04/2015 19:13:41 - HTTP REQUEST TO https://ndasales.com/inventario: {"login":{"username":"testesangola","password":"UkF!q2$cT)XUW_x"},"artigos":[{"id":1,"data":1425052203,"armazem":10,"disponivel":10,"alocada":10,"transito":10},{"id":2,"data":1425052203,"armazem":20,"disponivel":20,"alocada":20,"transito":20}],"hmac":"75ff65b710327683a3dee59f4e252d68"}
23/04/2015 19:13:44 - HTTP RESPONSE OK: {"sucesso":1}
23/04/2015 19:59:18 - HTTP REQUEST TO https://ndasales.com/inventario: {"login":{"username":"testesangola","password":"UkF!q2$cT)XUW_x"},"artigos":[{"id":1,"data":1425052203,"armazem":10,"disponivel":10,"alocada":10,"transito":10},{"id":2,"data":1425052203,"armazem":20,"disponivel":20,"alocada":20,"transito":20}],"hmac":"75ff65b710327683a3dee59f4e252d68"}
23/04/2015 20:04:03 - HTTP RESPONSE OK: {"sucesso":1}
29/04/2015 19:07:39 - HTTP REQUEST TO https://ndasales.com/inventario: {"login":{"username":"testesangola","password":"UkF!q2$cT)XUW_x"},"artigos":[{"id":1,"data":1430345255,"armazem":10,"disponivel":10,"alocada":10,"transito":10},{"id":2,"data":1430345255,"armazem":20,"disponivel":20,"alocada":20,"transito":20}],"hmac":"781fe515fe7e353f36b5b86d531358ff"}
29/04/2015 19:08:37 - HTTP RESPONSE OK: {"sucesso":1}
29/04/2015 19:19:23 - HTTP REQUEST TO https://ndasales.com/inventario: {"login":{"username":"testesangola","password":"UkF!q2$cT)XUW_x"},"artigos":[{"id":1,"data":1430345960,"armazem":10,"disponivel":10,"alocada":10,"transito":10},{"id":2,"data":1430345960,"armazem":20,"disponivel":20,"alocada":20,"transito":20}],"hmac":"dab17da0662777959b5d7064f6fe9af2"}
29/04/2015 19:20:53 - HTTP RESPONSE OK: {"sucesso":1}
29/04/2015 19:21:00 - HTTP REQUEST TO https://ndasales.com/vendas: {"login":{"username":"testesangola","password":"UkF!q2$cT)XUW_x"},"vendas":[{"ref":"TA01","data":1430346057,"moeda":"AOA","status":"A","cliente":{"idcliente":1,"nome":"Primeiro Cliente"},"vendedor":{"idvendedor":1,"nome":"Primeiro Vendedor"},"artigos":[{"id":1,"qty":1,"preco":"10.0","desconto":10,"preco_final":"9.0"}]}],"hmac":"fa8a8e82d393ad16573a65c8e00e1a61"}
29/04/2015 19:21:03 - HTTP RESPONSE OK: {"sucesso":1}
29/04/2015 19:22:06 - HTTP REQUEST TO https://ndasales.com/inventario: {"login":{"username":"testesangola","password":"UkF!q2$cT)XUW_x"},"artigos":[{"id":1,"data":1430346124,"armazem":10,"disponivel":10,"alocada":10,"transito":10},{"id":2,"data":1430346124,"armazem":20,"disponivel":20,"alocada":20,"transito":20}],"hmac":"65ede91a29d59fc554765c474e2c798d"}
29/04/2015 19:22:06 - HTTP RESPONSE OK: {"sucesso":1}
29/04/2015 19:22:59 - HTTP REQUEST TO https://ndasales.com/vendas: {"login":{"username":"testesangola","password":"UkF!q2$cT)XUW_x"},"vendas":[{"ref":"TA01","data":1430346178,"moeda":"AOA","status":"A","cliente":{"idcliente":1,"nome":"Primeiro Cliente"},"vendedor":{"idvendedor":1,"nome":"Primeiro Vendedor"},"artigos":[{"id":1,"qty":1,"preco":"10.0","desconto":10,"preco_final":"9.0"}]}],"hmac":"a15ee46873dc93a040b940eebfcd6e90"}
29/04/2015 19:23:00 - HTTP RESPONSE OK: {"sucesso":1}
29/04/2015 19:24:13 - HTTP REQUEST TO https://ndasales.com/inventario: {"login":{"username":"testesangola","password":"UkF!q2$cT)XUW_x"},"artigos":[{"id":3,"data":1430346250,"armazem":10,"disponivel":10,"alocada":10,"transito":10},{"id":4,"data":1430346250,"armazem":20,"disponivel":20,"alocada":20,"transito":20}],"hmac":"645ae09729b79fbf5719f068f19cb2a1"}
29/04/2015 19:24:16 - HTTP RESPONSE OK: {"sucesso":1}
29/04/2015 19:24:23 - HTTP REQUEST TO https://ndasales.com/vendas: {"login":{"username":"testesangola","password":"UkF!q2$cT)XUW_x"},"vendas":[{"ref":"TA02","data":1430346262,"moeda":"AOA","status":"A","cliente":{"idcliente":1,"nome":"Primeiro Cliente"},"vendedor":{"idvendedor":1,"nome":"Primeiro Vendedor"},"artigos":[{"id":1,"qty":1,"preco":"10.0","desconto":10,"preco_final":"9.0"}]}],"hmac":"2d6c6b7c5748129fbf6d9900910e9787"}
29/04/2015 19:24:26 - HTTP RESPONSE OK: {"sucesso":1}
29/04/2015 19:40:38 - HTTP REQUEST TO https://ndasales.com/inventario: {"login":{"username":"testesangola","password":"UkF!q2$cT)XUW_x"},"artigos":[{"id":1,"data":1430347237,"armazem":10,"disponivel":10,"alocada":10,"transito":10},{"id":2,"data":1430347237,"armazem":20,"disponivel":20,"alocada":20,"transito":20}],"hmac":"9b0c33ea988d28f47cddfb7afce27c21"}
29/04/2015 19:40:38 - HTTP RESPONSE OK: {"sucesso":1}
29/04/2015 19:40:40 - HTTP REQUEST TO https://ndasales.com/vendas: {"login":{"username":"testesangola","password":"UkF!q2$cT)XUW_x"},"vendas":[{"ref":"TA01","data":1430347238,"moeda":"AOA","status":"A","cliente":{"idcliente":1,"nome":"Primeiro Cliente"},"vendedor":{"idvendedor":1,"nome":"Primeiro Vendedor"},"artigos":[{"id":1,"qty":1,"preco":"10.0","desconto":10,"preco_final":"9.0"}]}],"hmac":"5ceaa4339a06d43ac97ee2fe1ea3c159"}
29/04/2015 19:40:40 - HTTP RESPONSE OK: {"sucesso":1}
29/04/2015 19:41:27 - HTTP REQUEST TO https://ndasales.com/inventario: {"login":{"username":"testesangola","password":"UkF!q2$cT)XUW_x"},"artigos":[{"id":1,"data":1430347285,"armazem":10,"disponivel":10,"alocada":10,"transito":10},{"id":2,"data":1430347285,"armazem":20,"disponivel":20,"alocada":20,"transito":20}],"hmac":"a92de9e12f12dadcb1b9a6e374255a7c"}
29/04/2015 19:41:33 - HTTP RESPONSE OK: {"sucesso":1}
29/04/2015 19:41:40 - HTTP REQUEST TO https://ndasales.com/vendas: {"login":{"username":"testesangola","password":"UkF!q2$cT)XUW_x"},"vendas":[{"ref":"TA01","data":1430347296,"moeda":"AOA","status":"A","cliente":{"idcliente":1,"nome":"Primeiro Cliente"},"vendedor":{"idvendedor":1,"nome":"Primeiro Vendedor"},"artigos":[{"id":1,"qty":1,"preco":"10.0","desconto":10,"preco_final":"9.0"}]}],"hmac":"d6bd56206e5f7812e78bcf27c7c5038b"}
29/04/2015 19:46:43 - HTTP REQUEST TO https://ndasales.com/inventario: {"login":{"username":"testesangola","password":"UkF!q2$cT)XUW_x"},"artigos":[{"id":1,"data":1430347600,"armazem":10,"disponivel":10,"alocada":10,"transito":10},{"id":2,"data":1430347600,"armazem":20,"disponivel":20,"alocada":20,"transito":20}],"hmac":"43e27c3a824f648e91441f1fe1752ba7"}
29/04/2015 19:46:46 - HTTP RESPONSE OK: {"sucesso":1}
29/04/2015 19:46:56 - HTTP REQUEST TO https://ndasales.com/vendas: {"login":{"username":"testesangola","password":"UkF!q2$cT)XUW_x"},"vendas":[{"ref":"TA01","data":1430347614,"moeda":"AOA","status":"A","cliente":{"idcliente":1,"nome":"Primeiro Cliente"},"vendedor":{"idvendedor":1,"nome":"Primeiro Vendedor"},"artigos":[{"id":1,"qty":1,"preco":"10.0","desconto":10,"preco_final":"9.0"}]}],"hmac":"96f378cec7d9283f905e6b70d97676d9"}
29/04/2015 19:46:59 - HTTP RESPONSE OK: {"sucesso":1}
29/04/2015 19:47:12 - HTTP REQUEST TO https://ndasales.com/inventario: {"login":{"username":"testesangola","password":"UkF!q2$cT)XUW_x"},"artigos":[{"id":1,"data":1430347630,"armazem":10,"disponivel":10,"alocada":10,"transito":10},{"id":2,"data":1430347630,"armazem":20,"disponivel":20,"alocada":20,"transito":20}],"hmac":"4b5b6a7c15c03f4dd6a0d6daaca4d7b4"}
29/04/2015 19:47:12 - HTTP RESPONSE OK: {"sucesso":1}
29/04/2015 19:47:13 - HTTP REQUEST TO https://ndasales.com/vendas: {"login":{"username":"testesangola","password":"UkF!q2$cT)XUW_x"},"vendas":[{"ref":"TA01","data":1430347632,"moeda":"AOA","status":"A","cliente":{"idcliente":1,"nome":"Primeiro Cliente"},"vendedor":{"idvendedor":1,"nome":"Primeiro Vendedor"},"artigos":[{"id":1,"qty":1,"preco":"10.0","desconto":10,"preco_final":"9.0"}]}],"hmac":"211d0c47b007771687b620f01fa07f5a"}
29/04/2015 19:47:13 - HTTP RESPONSE OK: {"sucesso":1}
29/04/2015 19:49:25 - HTTP REQUEST TO https://ndasales.com/inventario: {"login":{"username":"testesangola","password":"UkF!q2$cT)XUW_x"},"artigos":[{"id":1,"data":1430347763,"armazem":10,"disponivel":10,"alocada":10,"transito":10},{"id":2,"data":1430347763,"armazem":20,"disponivel":20,"alocada":20,"transito":20}],"hmac":"d48e042af8c2fb75092af5909b5e82bb"}
29/04/2015 19:49:25 - HTTP RESPONSE OK: {"sucesso":1}
29/04/2015 19:49:26 - HTTP REQUEST TO https://ndasales.com/vendas: {"login":{"username":"testesangola","password":"UkF!q2$cT)XUW_x"},"vendas":[{"ref":"TA01","data":1430347765,"moeda":"AOA","status":"A","cliente":{"idcliente":1,"nome":"Primeiro Cliente"},"vendedor":{"idvendedor":1,"nome":"Primeiro Vendedor"},"artigos":[{"id":1,"qty":1,"preco":"10.0","desconto":10,"preco_final":"9.0"}]}],"hmac":"f6fba5c1ce835e91d6c822e4bc304d36"}
29/04/2015 19:49:26 - HTTP RESPONSE OK: {"sucesso":1}
29/04/2015 19:53:06 - HTTP REQUEST TO https://ndasales.com/inventario: {"login":{"username":"testesangola","password":"UkF!q2$cT)XUW_x"},"artigos":[{"id":1,"data":1430347984,"armazem":10,"disponivel":10,"alocada":10,"transito":10},{"id":2,"data":1430347984,"armazem":20,"disponivel":20,"alocada":20,"transito":20}],"hmac":"9e4ac82150095be64d24ed1b1ed79b05"}
29/04/2015 19:53:06 - HTTP RESPONSE OK: {"sucesso":1}
29/04/2015 19:53:07 - HTTP REQUEST TO https://ndasales.com/vendas: {"login":{"username":"testesangola","password":"UkF!q2$cT)XUW_x"},"vendas":[{"ref":"TA01","data":1430347986,"moeda":"AOA","status":"A","cliente":{"idcliente":1,"nome":"Primeiro Cliente"},"vendedor":{"idvendedor":1,"nome":"Primeiro Vendedor"},"artigos":[{"id":1,"qty":1,"preco":"10.0","desconto":10,"preco_final":"9.0"}]}],"hmac":"07bc7a372558eeca504a9dd5306f1b07"}
29/04/2015 19:53:07 - HTTP RESPONSE OK: {"sucesso":1}
29/04/2015 19:53:17 - HTTP REQUEST TO https://ndasales.com/inventario: {"login":{"username":"testesangola","password":"UkF!q2$cT)XUW_x"},"artigos":[{"id":1,"data":1430347996,"armazem":10,"disponivel":10,"alocada":10,"transito":10},{"id":2,"data":1430347996,"armazem":20,"disponivel":20,"alocada":20,"transito":20}],"hmac":"2be80c873b42654d8296910140cd56fe"}
29/04/2015 19:53:17 - HTTP RESPONSE OK: {"sucesso":1}
29/04/2015 19:53:18 - HTTP REQUEST TO https://ndasales.com/vendas: {"login":{"username":"testesangola","password":"UkF!q2$cT)XUW_x"},"vendas":[{"ref":"TA01","data":1430347997,"moeda":"AOA","status":"A","cliente":{"idcliente":1,"nome":"Primeiro Cliente"},"vendedor":{"idvendedor":1,"nome":"Primeiro Vendedor"},"artigos":[{"id":1,"qty":1,"preco":"10.0","desconto":10,"preco_final":"9.0"}]}],"hmac":"cd6f4a4e3fe877dd5102252c889dc99c"}
29/04/2015 19:53:18 - HTTP RESPONSE OK: {"sucesso":1}
