########################################
# Arquivo de Log de eventos do serviço #
########################################

17/04/2015 12:48:28 - Serviço iniciado em 17/04/2015 12:48:28
17/04/2015 12:51:47 - Serviço iniciado
17/04/2015 12:52:30 - Serviço iniciado
17/04/2015 12:55:58 - Serviço iniciado
17/04/2015 12:57:01 - Serviço iniciado
17/04/2015 12:57:02 - Serviço parado
17/04/2015 12:57:02 - Serviço iniciado
17/04/2015 12:57:32 - Serviço iniciado
17/04/2015 13:01:21 - Serviço iniciado
17/04/2015 13:04:34 - Serviço iniciado
17/04/2015 13:06:31 - Serviço iniciado
17/04/2015 13:08:07 - Serviço iniciado
17/04/2015 13:09:50 - Serviço iniciado
17/04/2015 13:11:23 - Serviço iniciado
17/04/2015 13:13:24 - Serviço iniciado
17/04/2015 13:52:31 - Serviço iniciado
17/04/2015 13:56:27 - Serviço iniciado
