########################################
# Arquivo de Log de tarefas do serviço #
########################################17/04/2015 13:01:55 - HTTP REQUEST TO https://ndasales.com/inventario: {"login":{"username":"testesangola","password":"UkF!q2$cT)XUW_x"},"artigos":[{"id":1,"data":1425052203,"armazem":10,"disponivel":10,"alocada":10,"transito":10},{"id":2,"data":1425052203,"armazem":20,"disponivel":20,"alocada":20,"transito":20}],"hmac":"testesangolaUkF!q2$cT)XUW_x14250522441425052285"}
17/04/2015 13:02:12 - HTTP RESPONSE OK: {"sucesso":0,"razao":"assinatura do pacote n\u00e3o coincide."}
17/04/2015 13:02:18 - HTTP REQUEST TO https://ndasales.com/vendas: {"login":{"username":"testesangola","password":"UkF!q2$cT)XUW_x"},"vendas":[{"_ref":"TA01","data":1425052203,"moeda":"AOA","status":"A","cliente":{"idcliente":1,"nome":"Primeiro Cliente"},"vendedor":{"idvendedor":1,"nome":"Primeiro Vendedor"},"artigos":[{"id":1,"qty":1,"preco":10.0,"desconto":10,"preco_final":9.0}]}],"hmac":"testesangolaUkF!q2$cT)XUW_xTA011Primeiro Cliente1Primeiro Vendedor1425052203AOAA31"}
17/04/2015 13:08:21 - HTTP REQUEST TO https://ndasales.com/inventario: {"login":{"username":"testesangola","password":"UkF!q2$cT)XUW_x"},"artigos":[{"id":1,"data":1425052203,"armazem":10,"disponivel":10,"alocada":10,"transito":10},{"id":2,"data":1425052203,"armazem":20,"disponivel":20,"alocada":20,"transito":20}],"hmac":"917C2EC2381EC1CB3FEFC4656ECD4473"}
17/04/2015 13:14:30 - HTTP REQUEST TO https://ndasales.com/inventario: {"login":{"username":"testesangola","password":"UkF!q2$cT)XUW_x"},"artigos":[{"id":1,"data":1425052203,"armazem":10,"disponivel":10,"alocada":10,"transito":10},{"id":2,"data":1425052203,"armazem":20,"disponivel":20,"alocada":20,"transito":20}],"hmac":"E3E7258F39C01ED10341E7BFC35C2451"}
17/04/2015 13:14:49 - HTTP RESPONSE OK: {"sucesso":0,"razao":"assinatura do pacote n\u00e3o coincide."}
17/04/2015 13:16:34 - HTTP REQUEST TO https://ndasales.com/inventario: {"login":{"username":"testesangola","password":"UkF!q2$cT)XUW_x"},"artigos":[{"id":1,"data":1425052203,"armazem":10,"disponivel":10,"alocada":10,"transito":10},{"id":2,"data":1425052203,"armazem":20,"disponivel":20,"alocada":20,"transito":20}],"hmac":"E3E7258F39C01ED10341E7BFC35C2451"}
17/04/2015 13:16:38 - HTTP RESPONSE OK: {"sucesso":0,"razao":"assinatura do pacote n\u00e3o coincide."}
17/04/2015 13:40:12 - HTTP REQUEST TO https://ndasales.com/inventario: {"login":{"username":"testesangola","password":"UkF!q2$cT)XUW_x"},"artigos":[{"id":1,"data":1425052203,"armazem":10,"disponivel":10,"alocada":10,"transito":10},{"id":2,"data":1425052203,"armazem":20,"disponivel":20,"alocada":20,"transito":20}],"hmac":"75ff65b710327683a3dee59f4e252d68"}
17/04/2015 13:40:16 - HTTP RESPONSE OK: {"sucesso":1}
17/04/2015 13:48:09 - HTTP REQUEST TO https://ndasales.com/inventario: {"login":{"username":"testesangola","password":"UkF!q2$cT)XUW_x"},"artigos":[{"id":1,"data":1425052203,"armazem":10,"disponivel":10,"alocada":10,"transito":10},{"id":2,"data":1425052203,"armazem":20,"disponivel":20,"alocada":20,"transito":20}],"hmac":"75ff65b710327683a3dee59f4e252d68"}
17/04/2015 13:48:11 - HTTP RESPONSE OK: {"sucesso":1}
17/04/2015 13:48:23 - HTTP REQUEST TO https://ndasales.com/vendas: {"login":{"username":"testesangola","password":"UkF!q2$cT)XUW_x"},"vendas":[{"ref":"TA01","data":1425052203,"moeda":"AOA","status":"A","cliente":{"idcliente":1,"nome":"Primeiro Cliente"},"vendedor":{"idvendedor":1,"nome":"Primeiro Vendedor"},"artigos":[{"id":1,"qty":1,"preco":10.0,"desconto":10,"preco_final":9.0}]}],"hmac":"0564E1E14D43642C07E533525B82BD8A"}
17/04/2015 13:50:45 - HTTP REQUEST TO https://ndasales.com/inventario: {"login":{"username":"testesangola","password":"UkF!q2$cT)XUW_x"},"artigos":[{"id":1,"data":1425052203,"armazem":10,"disponivel":10,"alocada":10,"transito":10},{"id":2,"data":1425052203,"armazem":20,"disponivel":20,"alocada":20,"transito":20}],"hmac":"75ff65b710327683a3dee59f4e252d68"}
17/04/2015 13:50:47 - HTTP RESPONSE OK: {"sucesso":1}
17/04/2015 13:51:00 - HTTP REQUEST TO https://ndasales.com/vendas: {"login":{"username":"testesangola","password":"UkF!q2$cT)XUW_x"},"vendas":[{"ref":"TA01","data":1425052203,"moeda":"AOA","status":"A","cliente":{"idcliente":1,"nome":"Primeiro Cliente"},"vendedor":{"idvendedor":1,"nome":"Primeiro Vendedor"},"artigos":[{"id":1,"qty":1,"preco":10.0,"desconto":10,"preco_final":9.0}]}],"hmac":"e92fd4711135319264b2fd1075375a24"}
17/04/2015 13:52:08 - HTTP REQUEST TO https://ndasales.com/inventario: {"login":{"username":"testesangola","password":"UkF!q2$cT)XUW_x"},"artigos":[{"id":1,"data":1425052203,"armazem":10,"disponivel":10,"alocada":10,"transito":10},{"id":2,"data":1425052203,"armazem":20,"disponivel":20,"alocada":20,"transito":20}],"hmac":"75ff65b710327683a3dee59f4e252d68"}
17/04/2015 13:52:08 - HTTP RESPONSE OK: {"sucesso":1}
17/04/2015 13:52:31 - HTTP REQUEST TO https://ndasales.com/vendas: {"login":{"username":"testesangola","password":"UkF!q2$cT)XUW_x"},"vendas":[{"ref":"TA01","data":1425052203,"moeda":"AOA","status":"A","cliente":{"idcliente":1,"nome":"Primeiro Cliente"},"vendedor":{"idvendedor":1,"nome":"Primeiro Vendedor"},"artigos":[{"id":1,"qty":1,"preco":10.0,"desconto":10,"preco_final":9.0}]}],"hmac":"e92fd4711135319264b2fd1075375a24"}
17/04/2015 13:52:31 - HTTP RESPONSE OK: {"sucesso":1}
17/04/2015 13:56:26 - HTTP REQUEST TO https://ndasales.com/inventario: {"login":{"username":"testesangola","password":"UkF!q2$cT)XUW_x"},"artigos":[{"id":1,"data":1425052203,"armazem":10,"disponivel":10,"alocada":10,"transito":10},{"id":2,"data":1425052203,"armazem":20,"disponivel":20,"alocada":20,"transito":20}],"hmac":"75ff65b710327683a3dee59f4e252d68"}
17/04/2015 13:56:26 - HTTP RESPONSE OK: {"sucesso":1}
17/04/2015 13:56:27 - HTTP REQUEST TO https://ndasales.com/vendas: {"login":{"username":"testesangola","password":"UkF!q2$cT)XUW_x"},"vendas":[{"ref":"TA01","data":1425052203,"moeda":"AOA","status":"A","cliente":{"idcliente":1,"nome":"Primeiro Cliente"},"vendedor":{"idvendedor":1,"nome":"Primeiro Vendedor"},"artigos":[{"id":1,"qty":1,"preco":10.0,"desconto":10,"preco_final":9.0}]}],"hmac":"e92fd4711135319264b2fd1075375a24"}
17/04/2015 13:56:27 - HTTP RESPONSE OK: {"sucesso":1}
